{
  "summary": {
    "problems_tested": 2,
    "total_bugs_injected": 10,
    "total_bugs_detected": 10,
    "avg_detection_rate": 100.0,
    "analysis": "Coverage improvements from Part 2 led to effective bug detection"
  },
  "detailed_reports": [
    {
      "problem_num": "10",
      "model": "gpt4o",
      "strategy": "cot",
      "test_suite_source": "Part 2 improved tests",
      "total_bugs_injected": 5,
      "bugs_detected": 5,
      "bugs_missed": 0,
      "detection_rate": 100.0,
      "bug_details": [
        {
          "bug_type": "off_by_one",
          "tests_passed": 14,
          "tests_failed": 10,
          "total_tests": 24,
          "bug_detected": true,
          "failed_test_names": [
            "test_is_palindrome_empty_string",
            "test_is_palindrome_single_character",
            "test_is_palindrome_valid_palindromes",
            "test_is_palindrome_non_palindromes",
            "test_is_palindrome_case_sensitive",
            "test_is_palindrome_with_spaces_and_special_chars",
            "test_make_palindrome_longer_strings",
            "test_make_palindrome_with_repeated_characters",
            "test_make_palindrome_special_characters",
            "test_make_palindrome_numeric_strings"
          ],
          "stdout": "============================= test session starts =============================\nplatform win32 -- Python 3.14.0, pytest-9.0.1, pluggy-1.6.0 -- C:\\Python314\\python.exe\ncachedir: .pytest_cache\nrootdir: S:\\Code\\CS520_Exercise1\nplugins: anyio-4.11.0, cov-7.0.0\ncollecting ... collected 24 items\n\nexercise2/results/part3_fault_detection/buggy_versions/problem_10/temp_test_off_by_one.py::test_make_palindrome_humaneval PASSED [  4%]\nexercise2/results/part3_fault_detection/buggy_versions/problem_10/temp_test_off_by_one.py::test_is_palindrome_empty_string FAILED [  8%]\nexercise2/results/part3_fault_detection/buggy_versions/problem_10/temp_test_off_by_one.py::test_is_palindrome_single_character FAILED [ 12%]\nexercise2/results/part3_fault_detection/buggy_versions/problem_10/temp_test_off_by_one.py::test_is_palindrome_valid_palindromes FAILED [ 16%]\nexercise2/results/part3_fault_detection/buggy_versions/problem_10/temp_test_off_by_one.py::test_is_palindrome_non_palindromes FAILED [ 20%]\nexercise2/results/part3_fault_detection/buggy_versions/problem_10/temp_test_off_by_one.py::test_is_palindrome_case_sensitive FAILED [ 25%]\nexercise2/results/part3_fault_detection/buggy_versions/problem_10/temp_test_off_by_one.py::test_is_palindrome_with_spaces_and_special_chars FAILED [ 29%]\nexercise2/results/part3_fault_detection/buggy_versions/problem_10/temp_test_off_by_one.py::test_make_palindrome_empty_string PASSED [ 33%]\nexercise2/results/part3_fault_detection/buggy_versions/problem_10/temp_test_off_by_one.py::test_make_palindrome_already_palindrome PASSED [ 37%]\nexercise2/results/part3_fault_detection/buggy_versions/problem_10/temp_test_off_by_one.py::test_make_palindrome_single_character PASSED [ 41%]\nexercise2/results/part3_fault_detection/buggy_versions/problem_10/temp_test_off_by_one.py::test_make_palindrome_two_characters PASSED [ 45%]\nexercise2/results/part3_fault_detection/buggy_versions/problem_10/temp_test_off_by_one.py::test_make_palindrome_examples_from_docstring PASSED [ 50%]\nexercise2/results/part3_fault_detection/buggy_versions/problem_10/temp_test_off_by_one.py::test_make_palindrome_longer_strings FAILED [ 54%]\nexercise2/results/part3_fault_detection/buggy_versions/problem_10/temp_test_off_by_one.py::test_make_palindrome_partial_palindrome_suffix PASSED [ 58%]\nexercise2/results/part3_fault_detection/buggy_versions/problem_10/temp_test_off_by_one.py::test_make_palindrome_with_repeated_characters FAILED [ 62%]\nexercise2/results/part3_fault_detection/buggy_versions/problem_10/temp_test_off_by_one.py::test_make_palindrome_special_characters FAILED [ 66%]\nexercise2/results/part3_fault_detection/buggy_versions/problem_10/temp_test_off_by_one.py::test_make_palindrome_mixed_case PASSED [ 70%]\nexercise2/results/part3_fault_detection/buggy_versions/problem_10/temp_test_off_by_one.py::test_make_palindrome_numeric_strings FAILED [ 75%]\nexercise2/results/part3_fault_detection/buggy_versions/problem_10/temp_test_off_by_one.py::test_make_palindrome_two_identical_characters PASSED [ 79%]\nexercise2/results/part3_fault_detection/buggy_versions/problem_10/temp_test_off_by_one.py::test_make_palindrome_already_palindrome_odd_length PASSED [ 83%]\nexercise2/results/part3_fault_detection/buggy_versions/problem_10/temp_test_off_by_one.py::test_make_palindrome_already_palindrome_even_length PASSED [ 87%]\nexercise2/results/part3_fault_detection/buggy_versions/problem_10/temp_test_off_by_one.py::test_make_palindrome_long_string_needs_prefix PASSED [ 91%]\nexercise2/results/part3_fault_detection/buggy_versions/problem_10/temp_test_off_by_one.py::test_make_palindrome_already_palindrome_multiple_chars PASSED [ 95%]\nexercise2/results/part3_fault_detection/buggy_versions/problem_10/temp_test_off_by_one.py::test_make_palindrome_symmetric_patterns PASSED [100%]\n\n================================== FAILURES ===================================\n_______________________ test_is_palindrome_empty_string _______________________\nexercise2\\results\\part3_fault_detection\\buggy_versions\\problem_10\\temp_test_off_by_one.py:59: in test_is_palindrome_empty_string\n    assert is_palindrome('') == True\n           ^^^^^^^^^^^^^\nE   NameError: name 'is_palindrome' is not defined\n---------------------------- Captured stdout setup ----------------------------\n\ncatac\ncatac\n_____________________ test_is_palindrome_single_character _____________________\nexercise2\\results\\part3_fault_detection\\buggy_versions\\problem_10\\temp_test_off_by_one.py:63: in test_is_palindrome_single_character\n    assert is_palindrome('a') == True\n           ^^^^^^^^^^^^^\nE   NameError: name 'is_palindrome' is not defined\n---------------------------- Captured stdout setup ----------------------------\n\ncatac\ncatac\n____________________ test_is_palindrome_valid_palindromes _____________________\nexercise2\\results\\part3_fault_detection\\buggy_versions\\problem_10\\temp_test_off_by_one.py:67: in test_is_palindrome_valid_palindromes\n    assert is_palindrome('aba') == True\n           ^^^^^^^^^^^^^\nE   NameError: name 'is_palindrome' is not defined\n---------------------------- Captured stdout setup ----------------------------\n\ncatac\ncatac\n_____________________ test_is_palindrome_non_palindromes ______________________\nexercise2\\results\\part3_fault_detection\\buggy_versions\\problem_10\\temp_test_off_by_one.py:74: in test_is_palindrome_non_palindromes\n    assert is_palindrome('cat') == False\n           ^^^^^^^^^^^^^\nE   NameError: name 'is_palindrome' is not defined\n---------------------------- Captured stdout setup ----------------------------\n\ncatac\ncatac\n______________________ test_is_palindrome_case_sensitive ______________________\nexercise2\\results\\part3_fault_detection\\buggy_versions\\problem_10\\temp_test_off_by_one.py:80: in test_is_palindrome_case_sensitive\n    assert is_palindrome('Aba') == False\n           ^^^^^^^^^^^^^\nE   NameError: name 'is_palindrome' is not defined\n---------------------------- Captured stdout setup ----------------------------\n\ncatac\ncatac\n______________ test_is_palindrome_with_spaces_and_special_chars _______________\nexercise2\\results\\part3_fault_detection\\buggy_versions\\problem_10\\temp_test_off_by_one.py:85: in test_is_palindrome_with_spaces_and_special_chars\n    assert is_palindrome('a a') == True\n           ^^^^^^^^^^^^^\nE   NameError: name 'is_palindrome' is not defined\n---------------------------- Captured stdout setup ----------------------------\n\ncatac\ncatac\n_____________________ test_make_palindrome_longer_strings _____________________\nexercise2\\results\\part3_fault_detection\\buggy_versions\\problem_10\\temp_test_off_by_one.py:120: in test_make_palindrome_longer_strings\n    assert solution_function('hello') == 'helloolleh'\nE   AssertionError: assert 'hellolleh' == 'helloolleh'\nE     \nE     - helloolleh\nE     ?      -\nE     + hellolleh\n---------------------------- Captured stdout setup ----------------------------\n\ncatac\ncatac\n________________ test_make_palindrome_with_repeated_characters ________________\nexercise2\\results\\part3_fault_detection\\buggy_versions\\problem_10\\temp_test_off_by_one.py:131: in test_make_palindrome_with_repeated_characters\n    assert solution_function('aaab') == 'aaabaaaa'\nE   AssertionError: assert 'aaabaaa' == 'aaabaaaa'\nE     \nE     - aaabaaaa\nE     ?        -\nE     + aaabaaa\n---------------------------- Captured stdout setup ----------------------------\n\ncatac\ncatac\n___________________ test_make_palindrome_special_characters ___________________\nexercise2\\results\\part3_fault_detection\\buggy_versions\\problem_10\\temp_test_off_by_one.py:138: in test_make_palindrome_special_characters\n    assert solution_function('123') == '123321'\nE   AssertionError: assert '12321' == '123321'\nE     \nE     - 123321\nE     ?    -\nE     + 12321\n---------------------------- Captured stdout setup ----------------------------\n\ncatac\ncatac\n____________________ test_make_palindrome_numeric_strings _____________________\nexercise2\\results\\part3_fault_detection\\buggy_versions\\problem_10\\temp_test_off_by_one.py:148: in test_make_palindrome_numeric_strings\n    assert solution_function('123') == '123321'\nE   AssertionError: assert '12321' == '123321'\nE     \nE     - 123321\nE     ?    -\nE     + 12321\n---------------------------- Captured stdout setup ----------------------------\n\ncatac\ncatac\n=========================== short test summary info ===========================\nFAILED exercise2/results/part3_fault_detection/buggy_versions/problem_10/temp_test_off_by_one.py::test_is_palindrome_empty_string\nFAILED exercise2/results/part3_fault_detection/buggy_versions/problem_10/temp_test_off_by_one.py::test_is_palindrome_single_character\nFAILED exercise2/results/part3_fault_detection/buggy_versions/problem_10/temp_test_off_by_one.py::test_is_palindrome_valid_palindromes\nFAILED exercise2/results/part3_fault_detection/buggy_versions/problem_10/temp_test_off_by_one.py::test_is_palindrome_non_palindromes\nFAILED exercise2/results/part3_fault_detection/buggy_versions/problem_10/temp_test_off_by_one.py::test_is_palindrome_case_sensitive\nFAILED exercise2/results/part3_fault_detection/buggy_versions/problem_10/temp_test_off_by_one.py::test_is_palindrome_with_spaces_and_special_chars\nFAILED exercise2/results/part3_fault_detection/buggy_versions/problem_10/temp_test_off_by_one.py::test_make_palindrome_longer_strings\nFAILED exercise2/results/part3_fault_detection/buggy_versions/problem_10/temp_test_off_by_one.py::test_make_palindrome_with_repeated_characters\nFAILED exercise2/results/part3_fault_detection/buggy_versions/problem_10/temp_test_off_by_one.py::test_make_palindrome_special_characters\nFAILED exercise2/results/part3_fault_detection/buggy_versions/problem_10/temp_test_off_by_one.py::test_make_palindrome_numeric_strings\n======================== 10 failed, 14 passed in 0.23s ========================\n",
          "stderr": "",
          "description": "Off-by-one error: Loop stops one iteration early",
          "why_realistic": "Common mistake when converting between inclusive/exclusive ranges",
          "buggy_file": "S:\\Code\\CS520_Exercise1\\exercise2\\results\\part3_fault_detection\\buggy_versions\\problem_10\\HumanEval_10_bug_off_by_one.py"
        },
        {
          "bug_type": "wrong_boundary",
          "tests_passed": 14,
          "tests_failed": 10,
          "total_tests": 24,
          "bug_detected": true,
          "failed_test_names": [
            "test_is_palindrome_empty_string",
            "test_is_palindrome_single_character",
            "test_is_palindrome_valid_palindromes",
            "test_is_palindrome_non_palindromes",
            "test_is_palindrome_case_sensitive",
            "test_is_palindrome_with_spaces_and_special_chars",
            "test_make_palindrome_longer_strings",
            "test_make_palindrome_with_repeated_characters",
            "test_make_palindrome_special_characters",
            "test_make_palindrome_numeric_strings"
          ],
          "stdout": "============================= test session starts =============================\nplatform win32 -- Python 3.14.0, pytest-9.0.1, pluggy-1.6.0 -- C:\\Python314\\python.exe\ncachedir: .pytest_cache\nrootdir: S:\\Code\\CS520_Exercise1\nplugins: anyio-4.11.0, cov-7.0.0\ncollecting ... collected 24 items\n\nexercise2/results/part3_fault_detection/buggy_versions/problem_10/temp_test_wrong_boundary.py::test_make_palindrome_humaneval PASSED [  4%]\nexercise2/results/part3_fault_detection/buggy_versions/problem_10/temp_test_wrong_boundary.py::test_is_palindrome_empty_string FAILED [  8%]\nexercise2/results/part3_fault_detection/buggy_versions/problem_10/temp_test_wrong_boundary.py::test_is_palindrome_single_character FAILED [ 12%]\nexercise2/results/part3_fault_detection/buggy_versions/problem_10/temp_test_wrong_boundary.py::test_is_palindrome_valid_palindromes FAILED [ 16%]\nexercise2/results/part3_fault_detection/buggy_versions/problem_10/temp_test_wrong_boundary.py::test_is_palindrome_non_palindromes FAILED [ 20%]\nexercise2/results/part3_fault_detection/buggy_versions/problem_10/temp_test_wrong_boundary.py::test_is_palindrome_case_sensitive FAILED [ 25%]\nexercise2/results/part3_fault_detection/buggy_versions/problem_10/temp_test_wrong_boundary.py::test_is_palindrome_with_spaces_and_special_chars FAILED [ 29%]\nexercise2/results/part3_fault_detection/buggy_versions/problem_10/temp_test_wrong_boundary.py::test_make_palindrome_empty_string PASSED [ 33%]\nexercise2/results/part3_fault_detection/buggy_versions/problem_10/temp_test_wrong_boundary.py::test_make_palindrome_already_palindrome PASSED [ 37%]\nexercise2/results/part3_fault_detection/buggy_versions/problem_10/temp_test_wrong_boundary.py::test_make_palindrome_single_character PASSED [ 41%]\nexercise2/results/part3_fault_detection/buggy_versions/problem_10/temp_test_wrong_boundary.py::test_make_palindrome_two_characters PASSED [ 45%]\nexercise2/results/part3_fault_detection/buggy_versions/problem_10/temp_test_wrong_boundary.py::test_make_palindrome_examples_from_docstring PASSED [ 50%]\nexercise2/results/part3_fault_detection/buggy_versions/problem_10/temp_test_wrong_boundary.py::test_make_palindrome_longer_strings FAILED [ 54%]\nexercise2/results/part3_fault_detection/buggy_versions/problem_10/temp_test_wrong_boundary.py::test_make_palindrome_partial_palindrome_suffix PASSED [ 58%]\nexercise2/results/part3_fault_detection/buggy_versions/problem_10/temp_test_wrong_boundary.py::test_make_palindrome_with_repeated_characters FAILED [ 62%]\nexercise2/results/part3_fault_detection/buggy_versions/problem_10/temp_test_wrong_boundary.py::test_make_palindrome_special_characters FAILED [ 66%]\nexercise2/results/part3_fault_detection/buggy_versions/problem_10/temp_test_wrong_boundary.py::test_make_palindrome_mixed_case PASSED [ 70%]\nexercise2/results/part3_fault_detection/buggy_versions/problem_10/temp_test_wrong_boundary.py::test_make_palindrome_numeric_strings FAILED [ 75%]\nexercise2/results/part3_fault_detection/buggy_versions/problem_10/temp_test_wrong_boundary.py::test_make_palindrome_two_identical_characters PASSED [ 79%]\nexercise2/results/part3_fault_detection/buggy_versions/problem_10/temp_test_wrong_boundary.py::test_make_palindrome_already_palindrome_odd_length PASSED [ 83%]\nexercise2/results/part3_fault_detection/buggy_versions/problem_10/temp_test_wrong_boundary.py::test_make_palindrome_already_palindrome_even_length PASSED [ 87%]\nexercise2/results/part3_fault_detection/buggy_versions/problem_10/temp_test_wrong_boundary.py::test_make_palindrome_long_string_needs_prefix PASSED [ 91%]\nexercise2/results/part3_fault_detection/buggy_versions/problem_10/temp_test_wrong_boundary.py::test_make_palindrome_already_palindrome_multiple_chars PASSED [ 95%]\nexercise2/results/part3_fault_detection/buggy_versions/problem_10/temp_test_wrong_boundary.py::test_make_palindrome_symmetric_patterns PASSED [100%]\n\n================================== FAILURES ===================================\n_______________________ test_is_palindrome_empty_string _______________________\nexercise2\\results\\part3_fault_detection\\buggy_versions\\problem_10\\temp_test_wrong_boundary.py:59: in test_is_palindrome_empty_string\n    assert is_palindrome('') == True\n           ^^^^^^^^^^^^^\nE   NameError: name 'is_palindrome' is not defined\n---------------------------- Captured stdout setup ----------------------------\n\ncatac\ncatac\n_____________________ test_is_palindrome_single_character _____________________\nexercise2\\results\\part3_fault_detection\\buggy_versions\\problem_10\\temp_test_wrong_boundary.py:63: in test_is_palindrome_single_character\n    assert is_palindrome('a') == True\n           ^^^^^^^^^^^^^\nE   NameError: name 'is_palindrome' is not defined\n---------------------------- Captured stdout setup ----------------------------\n\ncatac\ncatac\n____________________ test_is_palindrome_valid_palindromes _____________________\nexercise2\\results\\part3_fault_detection\\buggy_versions\\problem_10\\temp_test_wrong_boundary.py:67: in test_is_palindrome_valid_palindromes\n    assert is_palindrome('aba') == True\n           ^^^^^^^^^^^^^\nE   NameError: name 'is_palindrome' is not defined\n---------------------------- Captured stdout setup ----------------------------\n\ncatac\ncatac\n_____________________ test_is_palindrome_non_palindromes ______________________\nexercise2\\results\\part3_fault_detection\\buggy_versions\\problem_10\\temp_test_wrong_boundary.py:74: in test_is_palindrome_non_palindromes\n    assert is_palindrome('cat') == False\n           ^^^^^^^^^^^^^\nE   NameError: name 'is_palindrome' is not defined\n---------------------------- Captured stdout setup ----------------------------\n\ncatac\ncatac\n______________________ test_is_palindrome_case_sensitive ______________________\nexercise2\\results\\part3_fault_detection\\buggy_versions\\problem_10\\temp_test_wrong_boundary.py:80: in test_is_palindrome_case_sensitive\n    assert is_palindrome('Aba') == False\n           ^^^^^^^^^^^^^\nE   NameError: name 'is_palindrome' is not defined\n---------------------------- Captured stdout setup ----------------------------\n\ncatac\ncatac\n______________ test_is_palindrome_with_spaces_and_special_chars _______________\nexercise2\\results\\part3_fault_detection\\buggy_versions\\problem_10\\temp_test_wrong_boundary.py:85: in test_is_palindrome_with_spaces_and_special_chars\n    assert is_palindrome('a a') == True\n           ^^^^^^^^^^^^^\nE   NameError: name 'is_palindrome' is not defined\n---------------------------- Captured stdout setup ----------------------------\n\ncatac\ncatac\n_____________________ test_make_palindrome_longer_strings _____________________\nexercise2\\results\\part3_fault_detection\\buggy_versions\\problem_10\\temp_test_wrong_boundary.py:120: in test_make_palindrome_longer_strings\n    assert solution_function('hello') == 'helloolleh'\nE   AssertionError: assert 'hellolleh' == 'helloolleh'\nE     \nE     - helloolleh\nE     ?      -\nE     + hellolleh\n---------------------------- Captured stdout setup ----------------------------\n\ncatac\ncatac\n________________ test_make_palindrome_with_repeated_characters ________________\nexercise2\\results\\part3_fault_detection\\buggy_versions\\problem_10\\temp_test_wrong_boundary.py:131: in test_make_palindrome_with_repeated_characters\n    assert solution_function('aaab') == 'aaabaaaa'\nE   AssertionError: assert 'aaabaaa' == 'aaabaaaa'\nE     \nE     - aaabaaaa\nE     ?        -\nE     + aaabaaa\n---------------------------- Captured stdout setup ----------------------------\n\ncatac\ncatac\n___________________ test_make_palindrome_special_characters ___________________\nexercise2\\results\\part3_fault_detection\\buggy_versions\\problem_10\\temp_test_wrong_boundary.py:138: in test_make_palindrome_special_characters\n    assert solution_function('123') == '123321'\nE   AssertionError: assert '12321' == '123321'\nE     \nE     - 123321\nE     ?    -\nE     + 12321\n---------------------------- Captured stdout setup ----------------------------\n\ncatac\ncatac\n____________________ test_make_palindrome_numeric_strings _____________________\nexercise2\\results\\part3_fault_detection\\buggy_versions\\problem_10\\temp_test_wrong_boundary.py:148: in test_make_palindrome_numeric_strings\n    assert solution_function('123') == '123321'\nE   AssertionError: assert '12321' == '123321'\nE     \nE     - 123321\nE     ?    -\nE     + 12321\n---------------------------- Captured stdout setup ----------------------------\n\ncatac\ncatac\n=========================== short test summary info ===========================\nFAILED exercise2/results/part3_fault_detection/buggy_versions/problem_10/temp_test_wrong_boundary.py::test_is_palindrome_empty_string\nFAILED exercise2/results/part3_fault_detection/buggy_versions/problem_10/temp_test_wrong_boundary.py::test_is_palindrome_single_character\nFAILED exercise2/results/part3_fault_detection/buggy_versions/problem_10/temp_test_wrong_boundary.py::test_is_palindrome_valid_palindromes\nFAILED exercise2/results/part3_fault_detection/buggy_versions/problem_10/temp_test_wrong_boundary.py::test_is_palindrome_non_palindromes\nFAILED exercise2/results/part3_fault_detection/buggy_versions/problem_10/temp_test_wrong_boundary.py::test_is_palindrome_case_sensitive\nFAILED exercise2/results/part3_fault_detection/buggy_versions/problem_10/temp_test_wrong_boundary.py::test_is_palindrome_with_spaces_and_special_chars\nFAILED exercise2/results/part3_fault_detection/buggy_versions/problem_10/temp_test_wrong_boundary.py::test_make_palindrome_longer_strings\nFAILED exercise2/results/part3_fault_detection/buggy_versions/problem_10/temp_test_wrong_boundary.py::test_make_palindrome_with_repeated_characters\nFAILED exercise2/results/part3_fault_detection/buggy_versions/problem_10/temp_test_wrong_boundary.py::test_make_palindrome_special_characters\nFAILED exercise2/results/part3_fault_detection/buggy_versions/problem_10/temp_test_wrong_boundary.py::test_make_palindrome_numeric_strings\n======================== 10 failed, 14 passed in 0.16s ========================\n",
          "stderr": "",
          "description": "Boundary error: Skips checking from position i",
          "why_realistic": "Common indexing mistake when slicing strings",
          "buggy_file": "S:\\Code\\CS520_Exercise1\\exercise2\\results\\part3_fault_detection\\buggy_versions\\problem_10\\HumanEval_10_bug_wrong_boundary.py"
        },
        {
          "bug_type": "reversed_logic",
          "tests_passed": 14,
          "tests_failed": 10,
          "total_tests": 24,
          "bug_detected": true,
          "failed_test_names": [
            "test_is_palindrome_empty_string",
            "test_is_palindrome_single_character",
            "test_is_palindrome_valid_palindromes",
            "test_is_palindrome_non_palindromes",
            "test_is_palindrome_case_sensitive",
            "test_is_palindrome_with_spaces_and_special_chars",
            "test_make_palindrome_longer_strings",
            "test_make_palindrome_with_repeated_characters",
            "test_make_palindrome_special_characters",
            "test_make_palindrome_numeric_strings"
          ],
          "stdout": "============================= test session starts =============================\nplatform win32 -- Python 3.14.0, pytest-9.0.1, pluggy-1.6.0 -- C:\\Python314\\python.exe\ncachedir: .pytest_cache\nrootdir: S:\\Code\\CS520_Exercise1\nplugins: anyio-4.11.0, cov-7.0.0\ncollecting ... collected 24 items\n\nexercise2/results/part3_fault_detection/buggy_versions/problem_10/temp_test_reversed_logic.py::test_make_palindrome_humaneval PASSED [  4%]\nexercise2/results/part3_fault_detection/buggy_versions/problem_10/temp_test_reversed_logic.py::test_is_palindrome_empty_string FAILED [  8%]\nexercise2/results/part3_fault_detection/buggy_versions/problem_10/temp_test_reversed_logic.py::test_is_palindrome_single_character FAILED [ 12%]\nexercise2/results/part3_fault_detection/buggy_versions/problem_10/temp_test_reversed_logic.py::test_is_palindrome_valid_palindromes FAILED [ 16%]\nexercise2/results/part3_fault_detection/buggy_versions/problem_10/temp_test_reversed_logic.py::test_is_palindrome_non_palindromes FAILED [ 20%]\nexercise2/results/part3_fault_detection/buggy_versions/problem_10/temp_test_reversed_logic.py::test_is_palindrome_case_sensitive FAILED [ 25%]\nexercise2/results/part3_fault_detection/buggy_versions/problem_10/temp_test_reversed_logic.py::test_is_palindrome_with_spaces_and_special_chars FAILED [ 29%]\nexercise2/results/part3_fault_detection/buggy_versions/problem_10/temp_test_reversed_logic.py::test_make_palindrome_empty_string PASSED [ 33%]\nexercise2/results/part3_fault_detection/buggy_versions/problem_10/temp_test_reversed_logic.py::test_make_palindrome_already_palindrome PASSED [ 37%]\nexercise2/results/part3_fault_detection/buggy_versions/problem_10/temp_test_reversed_logic.py::test_make_palindrome_single_character PASSED [ 41%]\nexercise2/results/part3_fault_detection/buggy_versions/problem_10/temp_test_reversed_logic.py::test_make_palindrome_two_characters PASSED [ 45%]\nexercise2/results/part3_fault_detection/buggy_versions/problem_10/temp_test_reversed_logic.py::test_make_palindrome_examples_from_docstring PASSED [ 50%]\nexercise2/results/part3_fault_detection/buggy_versions/problem_10/temp_test_reversed_logic.py::test_make_palindrome_longer_strings FAILED [ 54%]\nexercise2/results/part3_fault_detection/buggy_versions/problem_10/temp_test_reversed_logic.py::test_make_palindrome_partial_palindrome_suffix PASSED [ 58%]\nexercise2/results/part3_fault_detection/buggy_versions/problem_10/temp_test_reversed_logic.py::test_make_palindrome_with_repeated_characters FAILED [ 62%]\nexercise2/results/part3_fault_detection/buggy_versions/problem_10/temp_test_reversed_logic.py::test_make_palindrome_special_characters FAILED [ 66%]\nexercise2/results/part3_fault_detection/buggy_versions/problem_10/temp_test_reversed_logic.py::test_make_palindrome_mixed_case PASSED [ 70%]\nexercise2/results/part3_fault_detection/buggy_versions/problem_10/temp_test_reversed_logic.py::test_make_palindrome_numeric_strings FAILED [ 75%]\nexercise2/results/part3_fault_detection/buggy_versions/problem_10/temp_test_reversed_logic.py::test_make_palindrome_two_identical_characters PASSED [ 79%]\nexercise2/results/part3_fault_detection/buggy_versions/problem_10/temp_test_reversed_logic.py::test_make_palindrome_already_palindrome_odd_length PASSED [ 83%]\nexercise2/results/part3_fault_detection/buggy_versions/problem_10/temp_test_reversed_logic.py::test_make_palindrome_already_palindrome_even_length PASSED [ 87%]\nexercise2/results/part3_fault_detection/buggy_versions/problem_10/temp_test_reversed_logic.py::test_make_palindrome_long_string_needs_prefix PASSED [ 91%]\nexercise2/results/part3_fault_detection/buggy_versions/problem_10/temp_test_reversed_logic.py::test_make_palindrome_already_palindrome_multiple_chars PASSED [ 95%]\nexercise2/results/part3_fault_detection/buggy_versions/problem_10/temp_test_reversed_logic.py::test_make_palindrome_symmetric_patterns PASSED [100%]\n\n================================== FAILURES ===================================\n_______________________ test_is_palindrome_empty_string _______________________\nexercise2\\results\\part3_fault_detection\\buggy_versions\\problem_10\\temp_test_reversed_logic.py:59: in test_is_palindrome_empty_string\n    assert is_palindrome('') == True\n           ^^^^^^^^^^^^^\nE   NameError: name 'is_palindrome' is not defined\n---------------------------- Captured stdout setup ----------------------------\n\ncatac\ncatac\n_____________________ test_is_palindrome_single_character _____________________\nexercise2\\results\\part3_fault_detection\\buggy_versions\\problem_10\\temp_test_reversed_logic.py:63: in test_is_palindrome_single_character\n    assert is_palindrome('a') == True\n           ^^^^^^^^^^^^^\nE   NameError: name 'is_palindrome' is not defined\n---------------------------- Captured stdout setup ----------------------------\n\ncatac\ncatac\n____________________ test_is_palindrome_valid_palindromes _____________________\nexercise2\\results\\part3_fault_detection\\buggy_versions\\problem_10\\temp_test_reversed_logic.py:67: in test_is_palindrome_valid_palindromes\n    assert is_palindrome('aba') == True\n           ^^^^^^^^^^^^^\nE   NameError: name 'is_palindrome' is not defined\n---------------------------- Captured stdout setup ----------------------------\n\ncatac\ncatac\n_____________________ test_is_palindrome_non_palindromes ______________________\nexercise2\\results\\part3_fault_detection\\buggy_versions\\problem_10\\temp_test_reversed_logic.py:74: in test_is_palindrome_non_palindromes\n    assert is_palindrome('cat') == False\n           ^^^^^^^^^^^^^\nE   NameError: name 'is_palindrome' is not defined\n---------------------------- Captured stdout setup ----------------------------\n\ncatac\ncatac\n______________________ test_is_palindrome_case_sensitive ______________________\nexercise2\\results\\part3_fault_detection\\buggy_versions\\problem_10\\temp_test_reversed_logic.py:80: in test_is_palindrome_case_sensitive\n    assert is_palindrome('Aba') == False\n           ^^^^^^^^^^^^^\nE   NameError: name 'is_palindrome' is not defined\n---------------------------- Captured stdout setup ----------------------------\n\ncatac\ncatac\n______________ test_is_palindrome_with_spaces_and_special_chars _______________\nexercise2\\results\\part3_fault_detection\\buggy_versions\\problem_10\\temp_test_reversed_logic.py:85: in test_is_palindrome_with_spaces_and_special_chars\n    assert is_palindrome('a a') == True\n           ^^^^^^^^^^^^^\nE   NameError: name 'is_palindrome' is not defined\n---------------------------- Captured stdout setup ----------------------------\n\ncatac\ncatac\n_____________________ test_make_palindrome_longer_strings _____________________\nexercise2\\results\\part3_fault_detection\\buggy_versions\\problem_10\\temp_test_reversed_logic.py:120: in test_make_palindrome_longer_strings\n    assert solution_function('hello') == 'helloolleh'\nE   AssertionError: assert 'hellolleh' == 'helloolleh'\nE     \nE     - helloolleh\nE     ?      -\nE     + hellolleh\n---------------------------- Captured stdout setup ----------------------------\n\ncatac\ncatac\n________________ test_make_palindrome_with_repeated_characters ________________\nexercise2\\results\\part3_fault_detection\\buggy_versions\\problem_10\\temp_test_reversed_logic.py:131: in test_make_palindrome_with_repeated_characters\n    assert solution_function('aaab') == 'aaabaaaa'\nE   AssertionError: assert 'aaabaaa' == 'aaabaaaa'\nE     \nE     - aaabaaaa\nE     ?        -\nE     + aaabaaa\n---------------------------- Captured stdout setup ----------------------------\n\ncatac\ncatac\n___________________ test_make_palindrome_special_characters ___________________\nexercise2\\results\\part3_fault_detection\\buggy_versions\\problem_10\\temp_test_reversed_logic.py:138: in test_make_palindrome_special_characters\n    assert solution_function('123') == '123321'\nE   AssertionError: assert '12321' == '123321'\nE     \nE     - 123321\nE     ?    -\nE     + 12321\n---------------------------- Captured stdout setup ----------------------------\n\ncatac\ncatac\n____________________ test_make_palindrome_numeric_strings _____________________\nexercise2\\results\\part3_fault_detection\\buggy_versions\\problem_10\\temp_test_reversed_logic.py:148: in test_make_palindrome_numeric_strings\n    assert solution_function('123') == '123321'\nE   AssertionError: assert '12321' == '123321'\nE     \nE     - 123321\nE     ?    -\nE     + 12321\n---------------------------- Captured stdout setup ----------------------------\n\ncatac\ncatac\n=========================== short test summary info ===========================\nFAILED exercise2/results/part3_fault_detection/buggy_versions/problem_10/temp_test_reversed_logic.py::test_is_palindrome_empty_string\nFAILED exercise2/results/part3_fault_detection/buggy_versions/problem_10/temp_test_reversed_logic.py::test_is_palindrome_single_character\nFAILED exercise2/results/part3_fault_detection/buggy_versions/problem_10/temp_test_reversed_logic.py::test_is_palindrome_valid_palindromes\nFAILED exercise2/results/part3_fault_detection/buggy_versions/problem_10/temp_test_reversed_logic.py::test_is_palindrome_non_palindromes\nFAILED exercise2/results/part3_fault_detection/buggy_versions/problem_10/temp_test_reversed_logic.py::test_is_palindrome_case_sensitive\nFAILED exercise2/results/part3_fault_detection/buggy_versions/problem_10/temp_test_reversed_logic.py::test_is_palindrome_with_spaces_and_special_chars\nFAILED exercise2/results/part3_fault_detection/buggy_versions/problem_10/temp_test_reversed_logic.py::test_make_palindrome_longer_strings\nFAILED exercise2/results/part3_fault_detection/buggy_versions/problem_10/temp_test_reversed_logic.py::test_make_palindrome_with_repeated_characters\nFAILED exercise2/results/part3_fault_detection/buggy_versions/problem_10/temp_test_reversed_logic.py::test_make_palindrome_special_characters\nFAILED exercise2/results/part3_fault_detection/buggy_versions/problem_10/temp_test_reversed_logic.py::test_make_palindrome_numeric_strings\n======================== 10 failed, 14 passed in 0.17s ========================\n",
          "stderr": "",
          "description": "Logic error: Prepends instead of appends reversed prefix",
          "why_realistic": "Common confusion about palindrome construction direction",
          "buggy_file": "S:\\Code\\CS520_Exercise1\\exercise2\\results\\part3_fault_detection\\buggy_versions\\problem_10\\HumanEval_10_bug_reversed_logic.py"
        },
        {
          "bug_type": "missing_empty_check",
          "tests_passed": 14,
          "tests_failed": 10,
          "total_tests": 24,
          "bug_detected": true,
          "failed_test_names": [
            "test_is_palindrome_empty_string",
            "test_is_palindrome_single_character",
            "test_is_palindrome_valid_palindromes",
            "test_is_palindrome_non_palindromes",
            "test_is_palindrome_case_sensitive",
            "test_is_palindrome_with_spaces_and_special_chars",
            "test_make_palindrome_longer_strings",
            "test_make_palindrome_with_repeated_characters",
            "test_make_palindrome_special_characters",
            "test_make_palindrome_numeric_strings"
          ],
          "stdout": "============================= test session starts =============================\nplatform win32 -- Python 3.14.0, pytest-9.0.1, pluggy-1.6.0 -- C:\\Python314\\python.exe\ncachedir: .pytest_cache\nrootdir: S:\\Code\\CS520_Exercise1\nplugins: anyio-4.11.0, cov-7.0.0\ncollecting ... collected 24 items\n\nexercise2/results/part3_fault_detection/buggy_versions/problem_10/temp_test_missing_empty_check.py::test_make_palindrome_humaneval PASSED [  4%]\nexercise2/results/part3_fault_detection/buggy_versions/problem_10/temp_test_missing_empty_check.py::test_is_palindrome_empty_string FAILED [  8%]\nexercise2/results/part3_fault_detection/buggy_versions/problem_10/temp_test_missing_empty_check.py::test_is_palindrome_single_character FAILED [ 12%]\nexercise2/results/part3_fault_detection/buggy_versions/problem_10/temp_test_missing_empty_check.py::test_is_palindrome_valid_palindromes FAILED [ 16%]\nexercise2/results/part3_fault_detection/buggy_versions/problem_10/temp_test_missing_empty_check.py::test_is_palindrome_non_palindromes FAILED [ 20%]\nexercise2/results/part3_fault_detection/buggy_versions/problem_10/temp_test_missing_empty_check.py::test_is_palindrome_case_sensitive FAILED [ 25%]\nexercise2/results/part3_fault_detection/buggy_versions/problem_10/temp_test_missing_empty_check.py::test_is_palindrome_with_spaces_and_special_chars FAILED [ 29%]\nexercise2/results/part3_fault_detection/buggy_versions/problem_10/temp_test_missing_empty_check.py::test_make_palindrome_empty_string PASSED [ 33%]\nexercise2/results/part3_fault_detection/buggy_versions/problem_10/temp_test_missing_empty_check.py::test_make_palindrome_already_palindrome PASSED [ 37%]\nexercise2/results/part3_fault_detection/buggy_versions/problem_10/temp_test_missing_empty_check.py::test_make_palindrome_single_character PASSED [ 41%]\nexercise2/results/part3_fault_detection/buggy_versions/problem_10/temp_test_missing_empty_check.py::test_make_palindrome_two_characters PASSED [ 45%]\nexercise2/results/part3_fault_detection/buggy_versions/problem_10/temp_test_missing_empty_check.py::test_make_palindrome_examples_from_docstring PASSED [ 50%]\nexercise2/results/part3_fault_detection/buggy_versions/problem_10/temp_test_missing_empty_check.py::test_make_palindrome_longer_strings FAILED [ 54%]\nexercise2/results/part3_fault_detection/buggy_versions/problem_10/temp_test_missing_empty_check.py::test_make_palindrome_partial_palindrome_suffix PASSED [ 58%]\nexercise2/results/part3_fault_detection/buggy_versions/problem_10/temp_test_missing_empty_check.py::test_make_palindrome_with_repeated_characters FAILED [ 62%]\nexercise2/results/part3_fault_detection/buggy_versions/problem_10/temp_test_missing_empty_check.py::test_make_palindrome_special_characters FAILED [ 66%]\nexercise2/results/part3_fault_detection/buggy_versions/problem_10/temp_test_missing_empty_check.py::test_make_palindrome_mixed_case PASSED [ 70%]\nexercise2/results/part3_fault_detection/buggy_versions/problem_10/temp_test_missing_empty_check.py::test_make_palindrome_numeric_strings FAILED [ 75%]\nexercise2/results/part3_fault_detection/buggy_versions/problem_10/temp_test_missing_empty_check.py::test_make_palindrome_two_identical_characters PASSED [ 79%]\nexercise2/results/part3_fault_detection/buggy_versions/problem_10/temp_test_missing_empty_check.py::test_make_palindrome_already_palindrome_odd_length PASSED [ 83%]\nexercise2/results/part3_fault_detection/buggy_versions/problem_10/temp_test_missing_empty_check.py::test_make_palindrome_already_palindrome_even_length PASSED [ 87%]\nexercise2/results/part3_fault_detection/buggy_versions/problem_10/temp_test_missing_empty_check.py::test_make_palindrome_long_string_needs_prefix PASSED [ 91%]\nexercise2/results/part3_fault_detection/buggy_versions/problem_10/temp_test_missing_empty_check.py::test_make_palindrome_already_palindrome_multiple_chars PASSED [ 95%]\nexercise2/results/part3_fault_detection/buggy_versions/problem_10/temp_test_missing_empty_check.py::test_make_palindrome_symmetric_patterns PASSED [100%]\n\n================================== FAILURES ===================================\n_______________________ test_is_palindrome_empty_string _______________________\nexercise2\\results\\part3_fault_detection\\buggy_versions\\problem_10\\temp_test_missing_empty_check.py:59: in test_is_palindrome_empty_string\n    assert is_palindrome('') == True\n           ^^^^^^^^^^^^^\nE   NameError: name 'is_palindrome' is not defined\n---------------------------- Captured stdout setup ----------------------------\n\ncatac\ncatac\n_____________________ test_is_palindrome_single_character _____________________\nexercise2\\results\\part3_fault_detection\\buggy_versions\\problem_10\\temp_test_missing_empty_check.py:63: in test_is_palindrome_single_character\n    assert is_palindrome('a') == True\n           ^^^^^^^^^^^^^\nE   NameError: name 'is_palindrome' is not defined\n---------------------------- Captured stdout setup ----------------------------\n\ncatac\ncatac\n____________________ test_is_palindrome_valid_palindromes _____________________\nexercise2\\results\\part3_fault_detection\\buggy_versions\\problem_10\\temp_test_missing_empty_check.py:67: in test_is_palindrome_valid_palindromes\n    assert is_palindrome('aba') == True\n           ^^^^^^^^^^^^^\nE   NameError: name 'is_palindrome' is not defined\n---------------------------- Captured stdout setup ----------------------------\n\ncatac\ncatac\n_____________________ test_is_palindrome_non_palindromes ______________________\nexercise2\\results\\part3_fault_detection\\buggy_versions\\problem_10\\temp_test_missing_empty_check.py:74: in test_is_palindrome_non_palindromes\n    assert is_palindrome('cat') == False\n           ^^^^^^^^^^^^^\nE   NameError: name 'is_palindrome' is not defined\n---------------------------- Captured stdout setup ----------------------------\n\ncatac\ncatac\n______________________ test_is_palindrome_case_sensitive ______________________\nexercise2\\results\\part3_fault_detection\\buggy_versions\\problem_10\\temp_test_missing_empty_check.py:80: in test_is_palindrome_case_sensitive\n    assert is_palindrome('Aba') == False\n           ^^^^^^^^^^^^^\nE   NameError: name 'is_palindrome' is not defined\n---------------------------- Captured stdout setup ----------------------------\n\ncatac\ncatac\n______________ test_is_palindrome_with_spaces_and_special_chars _______________\nexercise2\\results\\part3_fault_detection\\buggy_versions\\problem_10\\temp_test_missing_empty_check.py:85: in test_is_palindrome_with_spaces_and_special_chars\n    assert is_palindrome('a a') == True\n           ^^^^^^^^^^^^^\nE   NameError: name 'is_palindrome' is not defined\n---------------------------- Captured stdout setup ----------------------------\n\ncatac\ncatac\n_____________________ test_make_palindrome_longer_strings _____________________\nexercise2\\results\\part3_fault_detection\\buggy_versions\\problem_10\\temp_test_missing_empty_check.py:120: in test_make_palindrome_longer_strings\n    assert solution_function('hello') == 'helloolleh'\nE   AssertionError: assert 'hellolleh' == 'helloolleh'\nE     \nE     - helloolleh\nE     ?      -\nE     + hellolleh\n---------------------------- Captured stdout setup ----------------------------\n\ncatac\ncatac\n________________ test_make_palindrome_with_repeated_characters ________________\nexercise2\\results\\part3_fault_detection\\buggy_versions\\problem_10\\temp_test_missing_empty_check.py:131: in test_make_palindrome_with_repeated_characters\n    assert solution_function('aaab') == 'aaabaaaa'\nE   AssertionError: assert 'aaabaaa' == 'aaabaaaa'\nE     \nE     - aaabaaaa\nE     ?        -\nE     + aaabaaa\n---------------------------- Captured stdout setup ----------------------------\n\ncatac\ncatac\n___________________ test_make_palindrome_special_characters ___________________\nexercise2\\results\\part3_fault_detection\\buggy_versions\\problem_10\\temp_test_missing_empty_check.py:138: in test_make_palindrome_special_characters\n    assert solution_function('123') == '123321'\nE   AssertionError: assert '12321' == '123321'\nE     \nE     - 123321\nE     ?    -\nE     + 12321\n---------------------------- Captured stdout setup ----------------------------\n\ncatac\ncatac\n____________________ test_make_palindrome_numeric_strings _____________________\nexercise2\\results\\part3_fault_detection\\buggy_versions\\problem_10\\temp_test_missing_empty_check.py:148: in test_make_palindrome_numeric_strings\n    assert solution_function('123') == '123321'\nE   AssertionError: assert '12321' == '123321'\nE     \nE     - 123321\nE     ?    -\nE     + 12321\n---------------------------- Captured stdout setup ----------------------------\n\ncatac\ncatac\n=========================== short test summary info ===========================\nFAILED exercise2/results/part3_fault_detection/buggy_versions/problem_10/temp_test_missing_empty_check.py::test_is_palindrome_empty_string\nFAILED exercise2/results/part3_fault_detection/buggy_versions/problem_10/temp_test_missing_empty_check.py::test_is_palindrome_single_character\nFAILED exercise2/results/part3_fault_detection/buggy_versions/problem_10/temp_test_missing_empty_check.py::test_is_palindrome_valid_palindromes\nFAILED exercise2/results/part3_fault_detection/buggy_versions/problem_10/temp_test_missing_empty_check.py::test_is_palindrome_non_palindromes\nFAILED exercise2/results/part3_fault_detection/buggy_versions/problem_10/temp_test_missing_empty_check.py::test_is_palindrome_case_sensitive\nFAILED exercise2/results/part3_fault_detection/buggy_versions/problem_10/temp_test_missing_empty_check.py::test_is_palindrome_with_spaces_and_special_chars\nFAILED exercise2/results/part3_fault_detection/buggy_versions/problem_10/temp_test_missing_empty_check.py::test_make_palindrome_longer_strings\nFAILED exercise2/results/part3_fault_detection/buggy_versions/problem_10/temp_test_missing_empty_check.py::test_make_palindrome_with_repeated_characters\nFAILED exercise2/results/part3_fault_detection/buggy_versions/problem_10/temp_test_missing_empty_check.py::test_make_palindrome_special_characters\nFAILED exercise2/results/part3_fault_detection/buggy_versions/problem_10/temp_test_missing_empty_check.py::test_make_palindrome_numeric_strings\n======================== 10 failed, 14 passed in 0.17s ========================\n",
          "stderr": "",
          "description": "Exception handling error: Returns \"ERROR\" for empty string",
          "why_realistic": "Overzealous input validation breaking edge case handling",
          "buggy_file": "S:\\Code\\CS520_Exercise1\\exercise2\\results\\part3_fault_detection\\buggy_versions\\problem_10\\HumanEval_10_bug_missing_empty_check.py"
        },
        {
          "bug_type": "wrong_slice",
          "tests_passed": 14,
          "tests_failed": 10,
          "total_tests": 24,
          "bug_detected": true,
          "failed_test_names": [
            "test_is_palindrome_empty_string",
            "test_is_palindrome_single_character",
            "test_is_palindrome_valid_palindromes",
            "test_is_palindrome_non_palindromes",
            "test_is_palindrome_case_sensitive",
            "test_is_palindrome_with_spaces_and_special_chars",
            "test_make_palindrome_longer_strings",
            "test_make_palindrome_with_repeated_characters",
            "test_make_palindrome_special_characters",
            "test_make_palindrome_numeric_strings"
          ],
          "stdout": "============================= test session starts =============================\nplatform win32 -- Python 3.14.0, pytest-9.0.1, pluggy-1.6.0 -- C:\\Python314\\python.exe\ncachedir: .pytest_cache\nrootdir: S:\\Code\\CS520_Exercise1\nplugins: anyio-4.11.0, cov-7.0.0\ncollecting ... collected 24 items\n\nexercise2/results/part3_fault_detection/buggy_versions/problem_10/temp_test_wrong_slice.py::test_make_palindrome_humaneval PASSED [  4%]\nexercise2/results/part3_fault_detection/buggy_versions/problem_10/temp_test_wrong_slice.py::test_is_palindrome_empty_string FAILED [  8%]\nexercise2/results/part3_fault_detection/buggy_versions/problem_10/temp_test_wrong_slice.py::test_is_palindrome_single_character FAILED [ 12%]\nexercise2/results/part3_fault_detection/buggy_versions/problem_10/temp_test_wrong_slice.py::test_is_palindrome_valid_palindromes FAILED [ 16%]\nexercise2/results/part3_fault_detection/buggy_versions/problem_10/temp_test_wrong_slice.py::test_is_palindrome_non_palindromes FAILED [ 20%]\nexercise2/results/part3_fault_detection/buggy_versions/problem_10/temp_test_wrong_slice.py::test_is_palindrome_case_sensitive FAILED [ 25%]\nexercise2/results/part3_fault_detection/buggy_versions/problem_10/temp_test_wrong_slice.py::test_is_palindrome_with_spaces_and_special_chars FAILED [ 29%]\nexercise2/results/part3_fault_detection/buggy_versions/problem_10/temp_test_wrong_slice.py::test_make_palindrome_empty_string PASSED [ 33%]\nexercise2/results/part3_fault_detection/buggy_versions/problem_10/temp_test_wrong_slice.py::test_make_palindrome_already_palindrome PASSED [ 37%]\nexercise2/results/part3_fault_detection/buggy_versions/problem_10/temp_test_wrong_slice.py::test_make_palindrome_single_character PASSED [ 41%]\nexercise2/results/part3_fault_detection/buggy_versions/problem_10/temp_test_wrong_slice.py::test_make_palindrome_two_characters PASSED [ 45%]\nexercise2/results/part3_fault_detection/buggy_versions/problem_10/temp_test_wrong_slice.py::test_make_palindrome_examples_from_docstring PASSED [ 50%]\nexercise2/results/part3_fault_detection/buggy_versions/problem_10/temp_test_wrong_slice.py::test_make_palindrome_longer_strings FAILED [ 54%]\nexercise2/results/part3_fault_detection/buggy_versions/problem_10/temp_test_wrong_slice.py::test_make_palindrome_partial_palindrome_suffix PASSED [ 58%]\nexercise2/results/part3_fault_detection/buggy_versions/problem_10/temp_test_wrong_slice.py::test_make_palindrome_with_repeated_characters FAILED [ 62%]\nexercise2/results/part3_fault_detection/buggy_versions/problem_10/temp_test_wrong_slice.py::test_make_palindrome_special_characters FAILED [ 66%]\nexercise2/results/part3_fault_detection/buggy_versions/problem_10/temp_test_wrong_slice.py::test_make_palindrome_mixed_case PASSED [ 70%]\nexercise2/results/part3_fault_detection/buggy_versions/problem_10/temp_test_wrong_slice.py::test_make_palindrome_numeric_strings FAILED [ 75%]\nexercise2/results/part3_fault_detection/buggy_versions/problem_10/temp_test_wrong_slice.py::test_make_palindrome_two_identical_characters PASSED [ 79%]\nexercise2/results/part3_fault_detection/buggy_versions/problem_10/temp_test_wrong_slice.py::test_make_palindrome_already_palindrome_odd_length PASSED [ 83%]\nexercise2/results/part3_fault_detection/buggy_versions/problem_10/temp_test_wrong_slice.py::test_make_palindrome_already_palindrome_even_length PASSED [ 87%]\nexercise2/results/part3_fault_detection/buggy_versions/problem_10/temp_test_wrong_slice.py::test_make_palindrome_long_string_needs_prefix PASSED [ 91%]\nexercise2/results/part3_fault_detection/buggy_versions/problem_10/temp_test_wrong_slice.py::test_make_palindrome_already_palindrome_multiple_chars PASSED [ 95%]\nexercise2/results/part3_fault_detection/buggy_versions/problem_10/temp_test_wrong_slice.py::test_make_palindrome_symmetric_patterns PASSED [100%]\n\n================================== FAILURES ===================================\n_______________________ test_is_palindrome_empty_string _______________________\nexercise2\\results\\part3_fault_detection\\buggy_versions\\problem_10\\temp_test_wrong_slice.py:59: in test_is_palindrome_empty_string\n    assert is_palindrome('') == True\n           ^^^^^^^^^^^^^\nE   NameError: name 'is_palindrome' is not defined\n---------------------------- Captured stdout setup ----------------------------\n\ncatac\ncatac\n_____________________ test_is_palindrome_single_character _____________________\nexercise2\\results\\part3_fault_detection\\buggy_versions\\problem_10\\temp_test_wrong_slice.py:63: in test_is_palindrome_single_character\n    assert is_palindrome('a') == True\n           ^^^^^^^^^^^^^\nE   NameError: name 'is_palindrome' is not defined\n---------------------------- Captured stdout setup ----------------------------\n\ncatac\ncatac\n____________________ test_is_palindrome_valid_palindromes _____________________\nexercise2\\results\\part3_fault_detection\\buggy_versions\\problem_10\\temp_test_wrong_slice.py:67: in test_is_palindrome_valid_palindromes\n    assert is_palindrome('aba') == True\n           ^^^^^^^^^^^^^\nE   NameError: name 'is_palindrome' is not defined\n---------------------------- Captured stdout setup ----------------------------\n\ncatac\ncatac\n_____________________ test_is_palindrome_non_palindromes ______________________\nexercise2\\results\\part3_fault_detection\\buggy_versions\\problem_10\\temp_test_wrong_slice.py:74: in test_is_palindrome_non_palindromes\n    assert is_palindrome('cat') == False\n           ^^^^^^^^^^^^^\nE   NameError: name 'is_palindrome' is not defined\n---------------------------- Captured stdout setup ----------------------------\n\ncatac\ncatac\n______________________ test_is_palindrome_case_sensitive ______________________\nexercise2\\results\\part3_fault_detection\\buggy_versions\\problem_10\\temp_test_wrong_slice.py:80: in test_is_palindrome_case_sensitive\n    assert is_palindrome('Aba') == False\n           ^^^^^^^^^^^^^\nE   NameError: name 'is_palindrome' is not defined\n---------------------------- Captured stdout setup ----------------------------\n\ncatac\ncatac\n______________ test_is_palindrome_with_spaces_and_special_chars _______________\nexercise2\\results\\part3_fault_detection\\buggy_versions\\problem_10\\temp_test_wrong_slice.py:85: in test_is_palindrome_with_spaces_and_special_chars\n    assert is_palindrome('a a') == True\n           ^^^^^^^^^^^^^\nE   NameError: name 'is_palindrome' is not defined\n---------------------------- Captured stdout setup ----------------------------\n\ncatac\ncatac\n_____________________ test_make_palindrome_longer_strings _____________________\nexercise2\\results\\part3_fault_detection\\buggy_versions\\problem_10\\temp_test_wrong_slice.py:120: in test_make_palindrome_longer_strings\n    assert solution_function('hello') == 'helloolleh'\nE   AssertionError: assert 'hellolleh' == 'helloolleh'\nE     \nE     - helloolleh\nE     ?      -\nE     + hellolleh\n---------------------------- Captured stdout setup ----------------------------\n\ncatac\ncatac\n________________ test_make_palindrome_with_repeated_characters ________________\nexercise2\\results\\part3_fault_detection\\buggy_versions\\problem_10\\temp_test_wrong_slice.py:131: in test_make_palindrome_with_repeated_characters\n    assert solution_function('aaab') == 'aaabaaaa'\nE   AssertionError: assert 'aaabaaa' == 'aaabaaaa'\nE     \nE     - aaabaaaa\nE     ?        -\nE     + aaabaaa\n---------------------------- Captured stdout setup ----------------------------\n\ncatac\ncatac\n___________________ test_make_palindrome_special_characters ___________________\nexercise2\\results\\part3_fault_detection\\buggy_versions\\problem_10\\temp_test_wrong_slice.py:138: in test_make_palindrome_special_characters\n    assert solution_function('123') == '123321'\nE   AssertionError: assert '12321' == '123321'\nE     \nE     - 123321\nE     ?    -\nE     + 12321\n---------------------------- Captured stdout setup ----------------------------\n\ncatac\ncatac\n____________________ test_make_palindrome_numeric_strings _____________________\nexercise2\\results\\part3_fault_detection\\buggy_versions\\problem_10\\temp_test_wrong_slice.py:148: in test_make_palindrome_numeric_strings\n    assert solution_function('123') == '123321'\nE   AssertionError: assert '12321' == '123321'\nE     \nE     - 123321\nE     ?    -\nE     + 12321\n---------------------------- Captured stdout setup ----------------------------\n\ncatac\ncatac\n=========================== short test summary info ===========================\nFAILED exercise2/results/part3_fault_detection/buggy_versions/problem_10/temp_test_wrong_slice.py::test_is_palindrome_empty_string\nFAILED exercise2/results/part3_fault_detection/buggy_versions/problem_10/temp_test_wrong_slice.py::test_is_palindrome_single_character\nFAILED exercise2/results/part3_fault_detection/buggy_versions/problem_10/temp_test_wrong_slice.py::test_is_palindrome_valid_palindromes\nFAILED exercise2/results/part3_fault_detection/buggy_versions/problem_10/temp_test_wrong_slice.py::test_is_palindrome_non_palindromes\nFAILED exercise2/results/part3_fault_detection/buggy_versions/problem_10/temp_test_wrong_slice.py::test_is_palindrome_case_sensitive\nFAILED exercise2/results/part3_fault_detection/buggy_versions/problem_10/temp_test_wrong_slice.py::test_is_palindrome_with_spaces_and_special_chars\nFAILED exercise2/results/part3_fault_detection/buggy_versions/problem_10/temp_test_wrong_slice.py::test_make_palindrome_longer_strings\nFAILED exercise2/results/part3_fault_detection/buggy_versions/problem_10/temp_test_wrong_slice.py::test_make_palindrome_with_repeated_characters\nFAILED exercise2/results/part3_fault_detection/buggy_versions/problem_10/temp_test_wrong_slice.py::test_make_palindrome_special_characters\nFAILED exercise2/results/part3_fault_detection/buggy_versions/problem_10/temp_test_wrong_slice.py::test_make_palindrome_numeric_strings\n======================== 10 failed, 14 passed in 0.18s ========================\n",
          "stderr": "",
          "description": "Slice error: Uses wrong portion of string for reversal",
          "why_realistic": "Common confusion about which part needs reversal",
          "buggy_file": "S:\\Code\\CS520_Exercise1\\exercise2\\results\\part3_fault_detection\\buggy_versions\\problem_10\\HumanEval_10_bug_wrong_slice.py"
        }
      ],
      "summary": {
        "detected": [
          {
            "bug_type": "off_by_one",
            "description": "Off-by-one error: Loop stops one iteration early",
            "tests_failed": 10,
            "failed_tests": [
              "test_is_palindrome_empty_string",
              "test_is_palindrome_single_character",
              "test_is_palindrome_valid_palindromes",
              "test_is_palindrome_non_palindromes",
              "test_is_palindrome_case_sensitive",
              "test_is_palindrome_with_spaces_and_special_chars",
              "test_make_palindrome_longer_strings",
              "test_make_palindrome_with_repeated_characters",
              "test_make_palindrome_special_characters",
              "test_make_palindrome_numeric_strings"
            ]
          },
          {
            "bug_type": "wrong_boundary",
            "description": "Boundary error: Skips checking from position i",
            "tests_failed": 10,
            "failed_tests": [
              "test_is_palindrome_empty_string",
              "test_is_palindrome_single_character",
              "test_is_palindrome_valid_palindromes",
              "test_is_palindrome_non_palindromes",
              "test_is_palindrome_case_sensitive",
              "test_is_palindrome_with_spaces_and_special_chars",
              "test_make_palindrome_longer_strings",
              "test_make_palindrome_with_repeated_characters",
              "test_make_palindrome_special_characters",
              "test_make_palindrome_numeric_strings"
            ]
          },
          {
            "bug_type": "reversed_logic",
            "description": "Logic error: Prepends instead of appends reversed prefix",
            "tests_failed": 10,
            "failed_tests": [
              "test_is_palindrome_empty_string",
              "test_is_palindrome_single_character",
              "test_is_palindrome_valid_palindromes",
              "test_is_palindrome_non_palindromes",
              "test_is_palindrome_case_sensitive",
              "test_is_palindrome_with_spaces_and_special_chars",
              "test_make_palindrome_longer_strings",
              "test_make_palindrome_with_repeated_characters",
              "test_make_palindrome_special_characters",
              "test_make_palindrome_numeric_strings"
            ]
          },
          {
            "bug_type": "missing_empty_check",
            "description": "Exception handling error: Returns \"ERROR\" for empty string",
            "tests_failed": 10,
            "failed_tests": [
              "test_is_palindrome_empty_string",
              "test_is_palindrome_single_character",
              "test_is_palindrome_valid_palindromes",
              "test_is_palindrome_non_palindromes",
              "test_is_palindrome_case_sensitive",
              "test_is_palindrome_with_spaces_and_special_chars",
              "test_make_palindrome_longer_strings",
              "test_make_palindrome_with_repeated_characters",
              "test_make_palindrome_special_characters",
              "test_make_palindrome_numeric_strings"
            ]
          },
          {
            "bug_type": "wrong_slice",
            "description": "Slice error: Uses wrong portion of string for reversal",
            "tests_failed": 10,
            "failed_tests": [
              "test_is_palindrome_empty_string",
              "test_is_palindrome_single_character",
              "test_is_palindrome_valid_palindromes",
              "test_is_palindrome_non_palindromes",
              "test_is_palindrome_case_sensitive",
              "test_is_palindrome_with_spaces_and_special_chars",
              "test_make_palindrome_longer_strings",
              "test_make_palindrome_with_repeated_characters",
              "test_make_palindrome_special_characters",
              "test_make_palindrome_numeric_strings"
            ]
          }
        ],
        "missed": []
      }
    },
    {
      "problem_num": "20",
      "model": "gpt4o",
      "strategy": "self_debugging",
      "test_suite_source": "Part 2 improved tests",
      "total_bugs_injected": 5,
      "bugs_detected": 5,
      "bugs_missed": 0,
      "detection_rate": 100.0,
      "bug_details": [
        {
          "bug_type": "comparison_operator",
          "tests_passed": 13,
          "tests_failed": 4,
          "total_tests": 17,
          "bug_detected": true,
          "failed_test_names": [
            "test_empty_list",
            "test_single_element",
            "test_negative_numbers",
            "test_all_negative_numbers"
          ],
          "stdout": "============================= test session starts =============================\nplatform win32 -- Python 3.14.0, pytest-9.0.1, pluggy-1.6.0 -- C:\\Python314\\python.exe\ncachedir: .pytest_cache\nrootdir: S:\\Code\\CS520_Exercise1\nplugins: anyio-4.11.0, cov-7.0.0\ncollecting ... collected 17 items\n\nexercise2/results/part3_fault_detection/buggy_versions/problem_20/temp_test_comparison_operator.py::test_find_closest_elements_humaneval PASSED [  5%]\nexercise2/results/part3_fault_detection/buggy_versions/problem_20/temp_test_comparison_operator.py::test_empty_list FAILED [ 11%]\nexercise2/results/part3_fault_detection/buggy_versions/problem_20/temp_test_comparison_operator.py::test_single_element FAILED [ 17%]\nexercise2/results/part3_fault_detection/buggy_versions/problem_20/temp_test_comparison_operator.py::test_two_elements_ordered PASSED [ 23%]\nexercise2/results/part3_fault_detection/buggy_versions/problem_20/temp_test_comparison_operator.py::test_two_elements_reverse_order PASSED [ 29%]\nexercise2/results/part3_fault_detection/buggy_versions/problem_20/temp_test_comparison_operator.py::test_two_identical_elements PASSED [ 35%]\nexercise2/results/part3_fault_detection/buggy_versions/problem_20/temp_test_comparison_operator.py::test_multiple_identical_elements PASSED [ 41%]\nexercise2/results/part3_fault_detection/buggy_versions/problem_20/temp_test_comparison_operator.py::test_closest_elements_example_1 PASSED [ 47%]\nexercise2/results/part3_fault_detection/buggy_versions/problem_20/temp_test_comparison_operator.py::test_closest_elements_example_2 PASSED [ 52%]\nexercise2/results/part3_fault_detection/buggy_versions/problem_20/temp_test_comparison_operator.py::test_unsorted_input PASSED [ 58%]\nexercise2/results/part3_fault_detection/buggy_versions/problem_20/temp_test_comparison_operator.py::test_negative_numbers FAILED [ 64%]\nexercise2/results/part3_fault_detection/buggy_versions/problem_20/temp_test_comparison_operator.py::test_all_negative_numbers FAILED [ 70%]\nexercise2/results/part3_fault_detection/buggy_versions/problem_20/temp_test_comparison_operator.py::test_large_numbers PASSED [ 76%]\nexercise2/results/part3_fault_detection/buggy_versions/problem_20/temp_test_comparison_operator.py::test_very_small_differences PASSED [ 82%]\nexercise2/results/part3_fault_detection/buggy_versions/problem_20/temp_test_comparison_operator.py::test_mixed_integers_and_floats PASSED [ 88%]\nexercise2/results/part3_fault_detection/buggy_versions/problem_20/temp_test_comparison_operator.py::test_zero_difference_in_middle PASSED [ 94%]\nexercise2/results/part3_fault_detection/buggy_versions/problem_20/temp_test_comparison_operator.py::test_long_list_with_closest_at_end PASSED [100%]\n\n================================== FAILURES ===================================\n_______________________________ test_empty_list _______________________________\nexercise2\\results\\part3_fault_detection\\buggy_versions\\problem_20\\temp_test_comparison_operator.py:79: in test_empty_list\n    with pytest.raises(ValueError, match=\"The list must contain at least two numbers.\"):\n         ^^^^^^^^^^^^^^^^^^^^^^^^^^^^^^^^^^^^^^^^^^^^^^^^^^^^^^^^^^^^^^^^^^^^^^^^^^^^^^\nE   Failed: DID NOT RAISE <class 'ValueError'>\n_____________________________ test_single_element _____________________________\nexercise2\\results\\part3_fault_detection\\buggy_versions\\problem_20\\temp_test_comparison_operator.py:85: in test_single_element\n    with pytest.raises(ValueError, match=\"The list must contain at least two numbers.\"):\n         ^^^^^^^^^^^^^^^^^^^^^^^^^^^^^^^^^^^^^^^^^^^^^^^^^^^^^^^^^^^^^^^^^^^^^^^^^^^^^^\nE   Failed: DID NOT RAISE <class 'ValueError'>\n____________________________ test_negative_numbers ____________________________\nexercise2\\results\\part3_fault_detection\\buggy_versions\\problem_20\\temp_test_comparison_operator.py:134: in test_negative_numbers\n    assert result == (-1.0, 0.0)\nE   assert (-2.0, -1.0) == (-1.0, 0.0)\nE     \nE     At index 0 diff: -2.0 != -1.0\nE     \nE     Full diff:\nE       (\nE     +     -2.0,\nE           -1.0,\nE     -     0.0,\nE       )\n__________________________ test_all_negative_numbers __________________________\nexercise2\\results\\part3_fault_detection\\buggy_versions\\problem_20\\temp_test_comparison_operator.py:140: in test_all_negative_numbers\n    assert result == (-8.5, -7.0)\nE   assert (-10.0, -8.5) == (-8.5, -7.0)\nE     \nE     At index 0 diff: -10.0 != -8.5\nE     \nE     Full diff:\nE       (\nE     +     -10.0,\nE           -8.5,\nE     -     -7.0,\nE       )\n=========================== short test summary info ===========================\nFAILED exercise2/results/part3_fault_detection/buggy_versions/problem_20/temp_test_comparison_operator.py::test_empty_list\nFAILED exercise2/results/part3_fault_detection/buggy_versions/problem_20/temp_test_comparison_operator.py::test_single_element\nFAILED exercise2/results/part3_fault_detection/buggy_versions/problem_20/temp_test_comparison_operator.py::test_negative_numbers\nFAILED exercise2/results/part3_fault_detection/buggy_versions/problem_20/temp_test_comparison_operator.py::test_all_negative_numbers\n======================== 4 failed, 13 passed in 0.11s =========================\n",
          "stderr": "",
          "description": "Comparison error: Uses <= instead of < for distance",
          "why_realistic": "Common mistake causing incorrect pair selection when distances are equal",
          "buggy_file": "S:\\Code\\CS520_Exercise1\\exercise2\\results\\part3_fault_detection\\buggy_versions\\problem_20\\HumanEval_20_bug_comparison_operator.py"
        },
        {
          "bug_type": "missing_self_check",
          "tests_passed": 13,
          "tests_failed": 4,
          "total_tests": 17,
          "bug_detected": true,
          "failed_test_names": [
            "test_empty_list",
            "test_single_element",
            "test_negative_numbers",
            "test_all_negative_numbers"
          ],
          "stdout": "============================= test session starts =============================\nplatform win32 -- Python 3.14.0, pytest-9.0.1, pluggy-1.6.0 -- C:\\Python314\\python.exe\ncachedir: .pytest_cache\nrootdir: S:\\Code\\CS520_Exercise1\nplugins: anyio-4.11.0, cov-7.0.0\ncollecting ... collected 17 items\n\nexercise2/results/part3_fault_detection/buggy_versions/problem_20/temp_test_missing_self_check.py::test_find_closest_elements_humaneval PASSED [  5%]\nexercise2/results/part3_fault_detection/buggy_versions/problem_20/temp_test_missing_self_check.py::test_empty_list FAILED [ 11%]\nexercise2/results/part3_fault_detection/buggy_versions/problem_20/temp_test_missing_self_check.py::test_single_element FAILED [ 17%]\nexercise2/results/part3_fault_detection/buggy_versions/problem_20/temp_test_missing_self_check.py::test_two_elements_ordered PASSED [ 23%]\nexercise2/results/part3_fault_detection/buggy_versions/problem_20/temp_test_missing_self_check.py::test_two_elements_reverse_order PASSED [ 29%]\nexercise2/results/part3_fault_detection/buggy_versions/problem_20/temp_test_missing_self_check.py::test_two_identical_elements PASSED [ 35%]\nexercise2/results/part3_fault_detection/buggy_versions/problem_20/temp_test_missing_self_check.py::test_multiple_identical_elements PASSED [ 41%]\nexercise2/results/part3_fault_detection/buggy_versions/problem_20/temp_test_missing_self_check.py::test_closest_elements_example_1 PASSED [ 47%]\nexercise2/results/part3_fault_detection/buggy_versions/problem_20/temp_test_missing_self_check.py::test_closest_elements_example_2 PASSED [ 52%]\nexercise2/results/part3_fault_detection/buggy_versions/problem_20/temp_test_missing_self_check.py::test_unsorted_input PASSED [ 58%]\nexercise2/results/part3_fault_detection/buggy_versions/problem_20/temp_test_missing_self_check.py::test_negative_numbers FAILED [ 64%]\nexercise2/results/part3_fault_detection/buggy_versions/problem_20/temp_test_missing_self_check.py::test_all_negative_numbers FAILED [ 70%]\nexercise2/results/part3_fault_detection/buggy_versions/problem_20/temp_test_missing_self_check.py::test_large_numbers PASSED [ 76%]\nexercise2/results/part3_fault_detection/buggy_versions/problem_20/temp_test_missing_self_check.py::test_very_small_differences PASSED [ 82%]\nexercise2/results/part3_fault_detection/buggy_versions/problem_20/temp_test_missing_self_check.py::test_mixed_integers_and_floats PASSED [ 88%]\nexercise2/results/part3_fault_detection/buggy_versions/problem_20/temp_test_missing_self_check.py::test_zero_difference_in_middle PASSED [ 94%]\nexercise2/results/part3_fault_detection/buggy_versions/problem_20/temp_test_missing_self_check.py::test_long_list_with_closest_at_end PASSED [100%]\n\n================================== FAILURES ===================================\n_______________________________ test_empty_list _______________________________\nexercise2\\results\\part3_fault_detection\\buggy_versions\\problem_20\\temp_test_missing_self_check.py:79: in test_empty_list\n    with pytest.raises(ValueError, match=\"The list must contain at least two numbers.\"):\n         ^^^^^^^^^^^^^^^^^^^^^^^^^^^^^^^^^^^^^^^^^^^^^^^^^^^^^^^^^^^^^^^^^^^^^^^^^^^^^^\nE   Failed: DID NOT RAISE <class 'ValueError'>\n_____________________________ test_single_element _____________________________\nexercise2\\results\\part3_fault_detection\\buggy_versions\\problem_20\\temp_test_missing_self_check.py:85: in test_single_element\n    with pytest.raises(ValueError, match=\"The list must contain at least two numbers.\"):\n         ^^^^^^^^^^^^^^^^^^^^^^^^^^^^^^^^^^^^^^^^^^^^^^^^^^^^^^^^^^^^^^^^^^^^^^^^^^^^^^\nE   Failed: DID NOT RAISE <class 'ValueError'>\n____________________________ test_negative_numbers ____________________________\nexercise2\\results\\part3_fault_detection\\buggy_versions\\problem_20\\temp_test_missing_self_check.py:134: in test_negative_numbers\n    assert result == (-1.0, 0.0)\nE   assert (-2.0, -1.0) == (-1.0, 0.0)\nE     \nE     At index 0 diff: -2.0 != -1.0\nE     \nE     Full diff:\nE       (\nE     +     -2.0,\nE           -1.0,\nE     -     0.0,\nE       )\n__________________________ test_all_negative_numbers __________________________\nexercise2\\results\\part3_fault_detection\\buggy_versions\\problem_20\\temp_test_missing_self_check.py:140: in test_all_negative_numbers\n    assert result == (-8.5, -7.0)\nE   assert (-10.0, -8.5) == (-8.5, -7.0)\nE     \nE     At index 0 diff: -10.0 != -8.5\nE     \nE     Full diff:\nE       (\nE     +     -10.0,\nE           -8.5,\nE     -     -7.0,\nE       )\n=========================== short test summary info ===========================\nFAILED exercise2/results/part3_fault_detection/buggy_versions/problem_20/temp_test_missing_self_check.py::test_empty_list\nFAILED exercise2/results/part3_fault_detection/buggy_versions/problem_20/temp_test_missing_self_check.py::test_single_element\nFAILED exercise2/results/part3_fault_detection/buggy_versions/problem_20/temp_test_missing_self_check.py::test_negative_numbers\nFAILED exercise2/results/part3_fault_detection/buggy_versions/problem_20/temp_test_missing_self_check.py::test_all_negative_numbers\n======================== 4 failed, 13 passed in 0.16s =========================\n",
          "stderr": "",
          "description": "Logic error: Skips valid pairs with same value",
          "why_realistic": "Incorrectly filters out identical numbers at different positions",
          "buggy_file": "S:\\Code\\CS520_Exercise1\\exercise2\\results\\part3_fault_detection\\buggy_versions\\problem_20\\HumanEval_20_bug_missing_self_check.py"
        },
        {
          "bug_type": "wrong_sort",
          "tests_passed": 13,
          "tests_failed": 4,
          "total_tests": 17,
          "bug_detected": true,
          "failed_test_names": [
            "test_empty_list",
            "test_single_element",
            "test_negative_numbers",
            "test_all_negative_numbers"
          ],
          "stdout": "============================= test session starts =============================\nplatform win32 -- Python 3.14.0, pytest-9.0.1, pluggy-1.6.0 -- C:\\Python314\\python.exe\ncachedir: .pytest_cache\nrootdir: S:\\Code\\CS520_Exercise1\nplugins: anyio-4.11.0, cov-7.0.0\ncollecting ... collected 17 items\n\nexercise2/results/part3_fault_detection/buggy_versions/problem_20/temp_test_wrong_sort.py::test_find_closest_elements_humaneval PASSED [  5%]\nexercise2/results/part3_fault_detection/buggy_versions/problem_20/temp_test_wrong_sort.py::test_empty_list FAILED [ 11%]\nexercise2/results/part3_fault_detection/buggy_versions/problem_20/temp_test_wrong_sort.py::test_single_element FAILED [ 17%]\nexercise2/results/part3_fault_detection/buggy_versions/problem_20/temp_test_wrong_sort.py::test_two_elements_ordered PASSED [ 23%]\nexercise2/results/part3_fault_detection/buggy_versions/problem_20/temp_test_wrong_sort.py::test_two_elements_reverse_order PASSED [ 29%]\nexercise2/results/part3_fault_detection/buggy_versions/problem_20/temp_test_wrong_sort.py::test_two_identical_elements PASSED [ 35%]\nexercise2/results/part3_fault_detection/buggy_versions/problem_20/temp_test_wrong_sort.py::test_multiple_identical_elements PASSED [ 41%]\nexercise2/results/part3_fault_detection/buggy_versions/problem_20/temp_test_wrong_sort.py::test_closest_elements_example_1 PASSED [ 47%]\nexercise2/results/part3_fault_detection/buggy_versions/problem_20/temp_test_wrong_sort.py::test_closest_elements_example_2 PASSED [ 52%]\nexercise2/results/part3_fault_detection/buggy_versions/problem_20/temp_test_wrong_sort.py::test_unsorted_input PASSED [ 58%]\nexercise2/results/part3_fault_detection/buggy_versions/problem_20/temp_test_wrong_sort.py::test_negative_numbers FAILED [ 64%]\nexercise2/results/part3_fault_detection/buggy_versions/problem_20/temp_test_wrong_sort.py::test_all_negative_numbers FAILED [ 70%]\nexercise2/results/part3_fault_detection/buggy_versions/problem_20/temp_test_wrong_sort.py::test_large_numbers PASSED [ 76%]\nexercise2/results/part3_fault_detection/buggy_versions/problem_20/temp_test_wrong_sort.py::test_very_small_differences PASSED [ 82%]\nexercise2/results/part3_fault_detection/buggy_versions/problem_20/temp_test_wrong_sort.py::test_mixed_integers_and_floats PASSED [ 88%]\nexercise2/results/part3_fault_detection/buggy_versions/problem_20/temp_test_wrong_sort.py::test_zero_difference_in_middle PASSED [ 94%]\nexercise2/results/part3_fault_detection/buggy_versions/problem_20/temp_test_wrong_sort.py::test_long_list_with_closest_at_end PASSED [100%]\n\n================================== FAILURES ===================================\n_______________________________ test_empty_list _______________________________\nexercise2\\results\\part3_fault_detection\\buggy_versions\\problem_20\\temp_test_wrong_sort.py:79: in test_empty_list\n    with pytest.raises(ValueError, match=\"The list must contain at least two numbers.\"):\n         ^^^^^^^^^^^^^^^^^^^^^^^^^^^^^^^^^^^^^^^^^^^^^^^^^^^^^^^^^^^^^^^^^^^^^^^^^^^^^^\nE   Failed: DID NOT RAISE <class 'ValueError'>\n_____________________________ test_single_element _____________________________\nexercise2\\results\\part3_fault_detection\\buggy_versions\\problem_20\\temp_test_wrong_sort.py:85: in test_single_element\n    with pytest.raises(ValueError, match=\"The list must contain at least two numbers.\"):\n         ^^^^^^^^^^^^^^^^^^^^^^^^^^^^^^^^^^^^^^^^^^^^^^^^^^^^^^^^^^^^^^^^^^^^^^^^^^^^^^\nE   Failed: DID NOT RAISE <class 'ValueError'>\n____________________________ test_negative_numbers ____________________________\nexercise2\\results\\part3_fault_detection\\buggy_versions\\problem_20\\temp_test_wrong_sort.py:134: in test_negative_numbers\n    assert result == (-1.0, 0.0)\nE   assert (-2.0, -1.0) == (-1.0, 0.0)\nE     \nE     At index 0 diff: -2.0 != -1.0\nE     \nE     Full diff:\nE       (\nE     +     -2.0,\nE           -1.0,\nE     -     0.0,\nE       )\n__________________________ test_all_negative_numbers __________________________\nexercise2\\results\\part3_fault_detection\\buggy_versions\\problem_20\\temp_test_wrong_sort.py:140: in test_all_negative_numbers\n    assert result == (-8.5, -7.0)\nE   assert (-10.0, -8.5) == (-8.5, -7.0)\nE     \nE     At index 0 diff: -10.0 != -8.5\nE     \nE     Full diff:\nE       (\nE     +     -10.0,\nE           -8.5,\nE     -     -7.0,\nE       )\n=========================== short test summary info ===========================\nFAILED exercise2/results/part3_fault_detection/buggy_versions/problem_20/temp_test_wrong_sort.py::test_empty_list\nFAILED exercise2/results/part3_fault_detection/buggy_versions/problem_20/temp_test_wrong_sort.py::test_single_element\nFAILED exercise2/results/part3_fault_detection/buggy_versions/problem_20/temp_test_wrong_sort.py::test_negative_numbers\nFAILED exercise2/results/part3_fault_detection/buggy_versions/problem_20/temp_test_wrong_sort.py::test_all_negative_numbers\n======================== 4 failed, 13 passed in 0.10s =========================\n",
          "stderr": "",
          "description": "Sorting error: Returns unsorted pair",
          "why_realistic": "Forgets requirement to return smaller number first",
          "buggy_file": "S:\\Code\\CS520_Exercise1\\exercise2\\results\\part3_fault_detection\\buggy_versions\\problem_20\\HumanEval_20_bug_wrong_sort.py"
        },
        {
          "bug_type": "initialization_error",
          "tests_passed": 13,
          "tests_failed": 4,
          "total_tests": 17,
          "bug_detected": true,
          "failed_test_names": [
            "test_empty_list",
            "test_single_element",
            "test_negative_numbers",
            "test_all_negative_numbers"
          ],
          "stdout": "============================= test session starts =============================\nplatform win32 -- Python 3.14.0, pytest-9.0.1, pluggy-1.6.0 -- C:\\Python314\\python.exe\ncachedir: .pytest_cache\nrootdir: S:\\Code\\CS520_Exercise1\nplugins: anyio-4.11.0, cov-7.0.0\ncollecting ... collected 17 items\n\nexercise2/results/part3_fault_detection/buggy_versions/problem_20/temp_test_initialization_error.py::test_find_closest_elements_humaneval PASSED [  5%]\nexercise2/results/part3_fault_detection/buggy_versions/problem_20/temp_test_initialization_error.py::test_empty_list FAILED [ 11%]\nexercise2/results/part3_fault_detection/buggy_versions/problem_20/temp_test_initialization_error.py::test_single_element FAILED [ 17%]\nexercise2/results/part3_fault_detection/buggy_versions/problem_20/temp_test_initialization_error.py::test_two_elements_ordered PASSED [ 23%]\nexercise2/results/part3_fault_detection/buggy_versions/problem_20/temp_test_initialization_error.py::test_two_elements_reverse_order PASSED [ 29%]\nexercise2/results/part3_fault_detection/buggy_versions/problem_20/temp_test_initialization_error.py::test_two_identical_elements PASSED [ 35%]\nexercise2/results/part3_fault_detection/buggy_versions/problem_20/temp_test_initialization_error.py::test_multiple_identical_elements PASSED [ 41%]\nexercise2/results/part3_fault_detection/buggy_versions/problem_20/temp_test_initialization_error.py::test_closest_elements_example_1 PASSED [ 47%]\nexercise2/results/part3_fault_detection/buggy_versions/problem_20/temp_test_initialization_error.py::test_closest_elements_example_2 PASSED [ 52%]\nexercise2/results/part3_fault_detection/buggy_versions/problem_20/temp_test_initialization_error.py::test_unsorted_input PASSED [ 58%]\nexercise2/results/part3_fault_detection/buggy_versions/problem_20/temp_test_initialization_error.py::test_negative_numbers FAILED [ 64%]\nexercise2/results/part3_fault_detection/buggy_versions/problem_20/temp_test_initialization_error.py::test_all_negative_numbers FAILED [ 70%]\nexercise2/results/part3_fault_detection/buggy_versions/problem_20/temp_test_initialization_error.py::test_large_numbers PASSED [ 76%]\nexercise2/results/part3_fault_detection/buggy_versions/problem_20/temp_test_initialization_error.py::test_very_small_differences PASSED [ 82%]\nexercise2/results/part3_fault_detection/buggy_versions/problem_20/temp_test_initialization_error.py::test_mixed_integers_and_floats PASSED [ 88%]\nexercise2/results/part3_fault_detection/buggy_versions/problem_20/temp_test_initialization_error.py::test_zero_difference_in_middle PASSED [ 94%]\nexercise2/results/part3_fault_detection/buggy_versions/problem_20/temp_test_initialization_error.py::test_long_list_with_closest_at_end PASSED [100%]\n\n================================== FAILURES ===================================\n_______________________________ test_empty_list _______________________________\nexercise2\\results\\part3_fault_detection\\buggy_versions\\problem_20\\temp_test_initialization_error.py:79: in test_empty_list\n    with pytest.raises(ValueError, match=\"The list must contain at least two numbers.\"):\n         ^^^^^^^^^^^^^^^^^^^^^^^^^^^^^^^^^^^^^^^^^^^^^^^^^^^^^^^^^^^^^^^^^^^^^^^^^^^^^^\nE   Failed: DID NOT RAISE <class 'ValueError'>\n_____________________________ test_single_element _____________________________\nexercise2\\results\\part3_fault_detection\\buggy_versions\\problem_20\\temp_test_initialization_error.py:85: in test_single_element\n    with pytest.raises(ValueError, match=\"The list must contain at least two numbers.\"):\n         ^^^^^^^^^^^^^^^^^^^^^^^^^^^^^^^^^^^^^^^^^^^^^^^^^^^^^^^^^^^^^^^^^^^^^^^^^^^^^^\nE   Failed: DID NOT RAISE <class 'ValueError'>\n____________________________ test_negative_numbers ____________________________\nexercise2\\results\\part3_fault_detection\\buggy_versions\\problem_20\\temp_test_initialization_error.py:134: in test_negative_numbers\n    assert result == (-1.0, 0.0)\nE   assert (-2.0, -1.0) == (-1.0, 0.0)\nE     \nE     At index 0 diff: -2.0 != -1.0\nE     \nE     Full diff:\nE       (\nE     +     -2.0,\nE           -1.0,\nE     -     0.0,\nE       )\n__________________________ test_all_negative_numbers __________________________\nexercise2\\results\\part3_fault_detection\\buggy_versions\\problem_20\\temp_test_initialization_error.py:140: in test_all_negative_numbers\n    assert result == (-8.5, -7.0)\nE   assert (-10.0, -8.5) == (-8.5, -7.0)\nE     \nE     At index 0 diff: -10.0 != -8.5\nE     \nE     Full diff:\nE       (\nE     +     -10.0,\nE           -8.5,\nE     -     -7.0,\nE       )\n=========================== short test summary info ===========================\nFAILED exercise2/results/part3_fault_detection/buggy_versions/problem_20/temp_test_initialization_error.py::test_empty_list\nFAILED exercise2/results/part3_fault_detection/buggy_versions/problem_20/temp_test_initialization_error.py::test_single_element\nFAILED exercise2/results/part3_fault_detection/buggy_versions/problem_20/temp_test_initialization_error.py::test_negative_numbers\nFAILED exercise2/results/part3_fault_detection/buggy_versions/problem_20/temp_test_initialization_error.py::test_all_negative_numbers\n======================== 4 failed, 13 passed in 0.11s =========================\n",
          "stderr": "",
          "description": "Initialization error: Uses inf instead of None",
          "why_realistic": "Different initialization strategy breaking None-check logic",
          "buggy_file": "S:\\Code\\CS520_Exercise1\\exercise2\\results\\part3_fault_detection\\buggy_versions\\problem_20\\HumanEval_20_bug_initialization_error.py"
        },
        {
          "bug_type": "index_start",
          "tests_passed": 13,
          "tests_failed": 4,
          "total_tests": 17,
          "bug_detected": true,
          "failed_test_names": [
            "test_empty_list",
            "test_single_element",
            "test_negative_numbers",
            "test_all_negative_numbers"
          ],
          "stdout": "============================= test session starts =============================\nplatform win32 -- Python 3.14.0, pytest-9.0.1, pluggy-1.6.0 -- C:\\Python314\\python.exe\ncachedir: .pytest_cache\nrootdir: S:\\Code\\CS520_Exercise1\nplugins: anyio-4.11.0, cov-7.0.0\ncollecting ... collected 17 items\n\nexercise2/results/part3_fault_detection/buggy_versions/problem_20/temp_test_index_start.py::test_find_closest_elements_humaneval PASSED [  5%]\nexercise2/results/part3_fault_detection/buggy_versions/problem_20/temp_test_index_start.py::test_empty_list FAILED [ 11%]\nexercise2/results/part3_fault_detection/buggy_versions/problem_20/temp_test_index_start.py::test_single_element FAILED [ 17%]\nexercise2/results/part3_fault_detection/buggy_versions/problem_20/temp_test_index_start.py::test_two_elements_ordered PASSED [ 23%]\nexercise2/results/part3_fault_detection/buggy_versions/problem_20/temp_test_index_start.py::test_two_elements_reverse_order PASSED [ 29%]\nexercise2/results/part3_fault_detection/buggy_versions/problem_20/temp_test_index_start.py::test_two_identical_elements PASSED [ 35%]\nexercise2/results/part3_fault_detection/buggy_versions/problem_20/temp_test_index_start.py::test_multiple_identical_elements PASSED [ 41%]\nexercise2/results/part3_fault_detection/buggy_versions/problem_20/temp_test_index_start.py::test_closest_elements_example_1 PASSED [ 47%]\nexercise2/results/part3_fault_detection/buggy_versions/problem_20/temp_test_index_start.py::test_closest_elements_example_2 PASSED [ 52%]\nexercise2/results/part3_fault_detection/buggy_versions/problem_20/temp_test_index_start.py::test_unsorted_input PASSED [ 58%]\nexercise2/results/part3_fault_detection/buggy_versions/problem_20/temp_test_index_start.py::test_negative_numbers FAILED [ 64%]\nexercise2/results/part3_fault_detection/buggy_versions/problem_20/temp_test_index_start.py::test_all_negative_numbers FAILED [ 70%]\nexercise2/results/part3_fault_detection/buggy_versions/problem_20/temp_test_index_start.py::test_large_numbers PASSED [ 76%]\nexercise2/results/part3_fault_detection/buggy_versions/problem_20/temp_test_index_start.py::test_very_small_differences PASSED [ 82%]\nexercise2/results/part3_fault_detection/buggy_versions/problem_20/temp_test_index_start.py::test_mixed_integers_and_floats PASSED [ 88%]\nexercise2/results/part3_fault_detection/buggy_versions/problem_20/temp_test_index_start.py::test_zero_difference_in_middle PASSED [ 94%]\nexercise2/results/part3_fault_detection/buggy_versions/problem_20/temp_test_index_start.py::test_long_list_with_closest_at_end PASSED [100%]\n\n================================== FAILURES ===================================\n_______________________________ test_empty_list _______________________________\nexercise2\\results\\part3_fault_detection\\buggy_versions\\problem_20\\temp_test_index_start.py:79: in test_empty_list\n    with pytest.raises(ValueError, match=\"The list must contain at least two numbers.\"):\n         ^^^^^^^^^^^^^^^^^^^^^^^^^^^^^^^^^^^^^^^^^^^^^^^^^^^^^^^^^^^^^^^^^^^^^^^^^^^^^^\nE   Failed: DID NOT RAISE <class 'ValueError'>\n_____________________________ test_single_element _____________________________\nexercise2\\results\\part3_fault_detection\\buggy_versions\\problem_20\\temp_test_index_start.py:85: in test_single_element\n    with pytest.raises(ValueError, match=\"The list must contain at least two numbers.\"):\n         ^^^^^^^^^^^^^^^^^^^^^^^^^^^^^^^^^^^^^^^^^^^^^^^^^^^^^^^^^^^^^^^^^^^^^^^^^^^^^^\nE   Failed: DID NOT RAISE <class 'ValueError'>\n____________________________ test_negative_numbers ____________________________\nexercise2\\results\\part3_fault_detection\\buggy_versions\\problem_20\\temp_test_index_start.py:134: in test_negative_numbers\n    assert result == (-1.0, 0.0)\nE   assert (-2.0, -1.0) == (-1.0, 0.0)\nE     \nE     At index 0 diff: -2.0 != -1.0\nE     \nE     Full diff:\nE       (\nE     +     -2.0,\nE           -1.0,\nE     -     0.0,\nE       )\n__________________________ test_all_negative_numbers __________________________\nexercise2\\results\\part3_fault_detection\\buggy_versions\\problem_20\\temp_test_index_start.py:140: in test_all_negative_numbers\n    assert result == (-8.5, -7.0)\nE   assert (-10.0, -8.5) == (-8.5, -7.0)\nE     \nE     At index 0 diff: -10.0 != -8.5\nE     \nE     Full diff:\nE       (\nE     +     -10.0,\nE           -8.5,\nE     -     -7.0,\nE       )\n=========================== short test summary info ===========================\nFAILED exercise2/results/part3_fault_detection/buggy_versions/problem_20/temp_test_index_start.py::test_empty_list\nFAILED exercise2/results/part3_fault_detection/buggy_versions/problem_20/temp_test_index_start.py::test_single_element\nFAILED exercise2/results/part3_fault_detection/buggy_versions/problem_20/temp_test_index_start.py::test_negative_numbers\nFAILED exercise2/results/part3_fault_detection/buggy_versions/problem_20/temp_test_index_start.py::test_all_negative_numbers\n======================== 4 failed, 13 passed in 0.12s =========================\n",
          "stderr": "",
          "description": "Indexing error: Starts enumeration at 1 instead of 0",
          "why_realistic": "Common mistake when wanting 1-indexed positions",
          "buggy_file": "S:\\Code\\CS520_Exercise1\\exercise2\\results\\part3_fault_detection\\buggy_versions\\problem_20\\HumanEval_20_bug_index_start.py"
        }
      ],
      "summary": {
        "detected": [
          {
            "bug_type": "comparison_operator",
            "description": "Comparison error: Uses <= instead of < for distance",
            "tests_failed": 4,
            "failed_tests": [
              "test_empty_list",
              "test_single_element",
              "test_negative_numbers",
              "test_all_negative_numbers"
            ]
          },
          {
            "bug_type": "missing_self_check",
            "description": "Logic error: Skips valid pairs with same value",
            "tests_failed": 4,
            "failed_tests": [
              "test_empty_list",
              "test_single_element",
              "test_negative_numbers",
              "test_all_negative_numbers"
            ]
          },
          {
            "bug_type": "wrong_sort",
            "description": "Sorting error: Returns unsorted pair",
            "tests_failed": 4,
            "failed_tests": [
              "test_empty_list",
              "test_single_element",
              "test_negative_numbers",
              "test_all_negative_numbers"
            ]
          },
          {
            "bug_type": "initialization_error",
            "description": "Initialization error: Uses inf instead of None",
            "tests_failed": 4,
            "failed_tests": [
              "test_empty_list",
              "test_single_element",
              "test_negative_numbers",
              "test_all_negative_numbers"
            ]
          },
          {
            "bug_type": "index_start",
            "description": "Indexing error: Starts enumeration at 1 instead of 0",
            "tests_failed": 4,
            "failed_tests": [
              "test_empty_list",
              "test_single_element",
              "test_negative_numbers",
              "test_all_negative_numbers"
            ]
          }
        ],
        "missed": []
      }
    }
  ]
}