{"meta": {"format": 3, "version": "7.11.3", "timestamp": "2025-11-25T19:35:31.499904", "branch_coverage": true, "show_contexts": false}, "files": {"generated_code\\gpt4o\\cot\\HumanEval_10_0.py": {"executed_lines": [1, 3, 5, 7, 8, 10, 11, 12, 17, 18, 19], "summary": {"covered_lines": 11, "num_statements": 12, "percent_covered": 88.88888888888889, "percent_covered_display": "89", "missing_lines": 1, "excluded_lines": 0, "num_branches": 6, "num_partial_branches": 1, "covered_branches": 5, "missing_branches": 1}, "missing_lines": [14], "excluded_lines": [], "executed_branches": [[7, 8], [7, 10], [10, 11], [11, 10], [11, 12]], "missing_branches": [[10, 14]], "functions": {"is_palindrome": {"executed_lines": [3], "summary": {"covered_lines": 1, "num_statements": 1, "percent_covered": 100.0, "percent_covered_display": "100", "missing_lines": 0, "excluded_lines": 0, "num_branches": 0, "num_partial_branches": 0, "covered_branches": 0, "missing_branches": 0}, "missing_lines": [], "excluded_lines": [], "executed_branches": [], "missing_branches": []}, "make_palindrome": {"executed_lines": [7, 8, 10, 11, 12], "summary": {"covered_lines": 5, "num_statements": 6, "percent_covered": 83.33333333333333, "percent_covered_display": "83", "missing_lines": 1, "excluded_lines": 0, "num_branches": 6, "num_partial_branches": 1, "covered_branches": 5, "missing_branches": 1}, "missing_lines": [14], "excluded_lines": [], "executed_branches": [[7, 8], [7, 10], [10, 11], [11, 10], [11, 12]], "missing_branches": [[10, 14]]}, "": {"executed_lines": [1, 5, 17, 18, 19], "summary": {"covered_lines": 5, "num_statements": 5, "percent_covered": 100.0, "percent_covered_display": "100", "missing_lines": 0, "excluded_lines": 0, "num_branches": 0, "num_partial_branches": 0, "covered_branches": 0, "missing_branches": 0}, "missing_lines": [], "excluded_lines": [], "executed_branches": [], "missing_branches": []}}, "classes": {"": {"executed_lines": [1, 3, 5, 7, 8, 10, 11, 12, 17, 18, 19], "summary": {"covered_lines": 11, "num_statements": 12, "percent_covered": 88.88888888888889, "percent_covered_display": "89", "missing_lines": 1, "excluded_lines": 0, "num_branches": 6, "num_partial_branches": 1, "covered_branches": 5, "missing_branches": 1}, "missing_lines": [14], "excluded_lines": [], "executed_branches": [[7, 8], [7, 10], [10, 11], [11, 10], [11, 12]], "missing_branches": [[10, 14]]}}}}, "totals": {"covered_lines": 11, "num_statements": 12, "percent_covered": 88.88888888888889, "percent_covered_display": "89", "missing_lines": 1, "excluded_lines": 0, "num_branches": 6, "num_partial_branches": 1, "covered_branches": 5, "missing_branches": 1}}